<?xml version="1.0" encoding="UTF-8"?>
<coverage generated="1675209048772" clover="3.2.0">
  <project timestamp="1675209048772" name="All files">
    <metrics statements="21" coveredstatements="21" conditionals="28" coveredconditionals="28" methods="4" coveredmethods="4" elements="53" coveredelements="53" complexity="0" loc="21" ncloc="21" packages="1" files="1" classes="1"/>
    <file name="main.ts" path="/home/latitude/Documentos/clean-code-e-clean-arch/refactoring/src/main.ts">
      <metrics statements="21" coveredstatements="21" conditionals="28" coveredconditionals="28" methods="4" coveredmethods="4"/>
      <line num="3" count="10" type="stmt"/>
      <line num="6" count="20" type="cond" truecount="2" falsecount="0"/>
      <line num="10" count="7" type="cond" truecount="4" falsecount="0"/>
      <line num="12" count="1" type="stmt"/>
      <line num="13" count="7" type="stmt"/>
      <line num="14" count="7" type="stmt"/>
      <line num="15" count="7" type="cond" truecount="2" falsecount="0"/>
      <line num="16" count="6" type="cond" truecount="6" falsecount="0"/>
      <line num="17" count="5" type="cond" truecount="3" falsecount="0"/>
      <line num="18" count="2" type="stmt"/>
      <line num="19" count="5" type="cond" truecount="3" falsecount="0"/>
      <line num="20" count="1" type="stmt"/>
      <line num="21" count="5" type="cond" truecount="3" falsecount="0"/>
      <line num="22" count="1" type="stmt"/>
      <line num="23" count="5" type="cond" truecount="3" falsecount="0"/>
      <line num="24" count="1" type="stmt"/>
      <line num="28" count="1" type="stmt"/>
      <line num="31" count="1" type="stmt"/>
      <line num="34" count="5" type="cond" truecount="2" falsecount="0"/>
      <line num="35" count="1" type="stmt"/>
      <line num="37" count="4" type="stmt"/>
    </file>
  </project>
</coverage>
