<?xml version="1.0" encoding="UTF-8"?>
<coverage generated="1675556658223" clover="3.2.0">
  <project timestamp="1675556658223" name="All files">
    <metrics statements="38" coveredstatements="31" conditionals="36" coveredconditionals="18" methods="13" coveredmethods="9" elements="87" coveredelements="58" complexity="0" loc="38" ncloc="38" packages="2" files="3" classes="3"/>
    <package name="src">
      <metrics statements="10" coveredstatements="6" conditionals="10" coveredconditionals="0" methods="5" coveredmethods="1"/>
      <file name="main.ts" path="/home/latitude/Documentos/clean-code-e-clean-arch/refactoring/src/main.ts">
        <metrics statements="10" coveredstatements="6" conditionals="10" coveredconditionals="0" methods="5" coveredmethods="1"/>
        <line num="1" count="2" type="stmt"/>
        <line num="2" count="2" type="stmt"/>
        <line num="3" count="2" type="stmt"/>
        <line num="4" count="2" type="stmt"/>
        <line num="5" count="2" type="stmt"/>
        <line num="8" count="0" type="stmt"/>
        <line num="11" count="0" type="cond" truecount="0" falsecount="2"/>
        <line num="14" count="0" type="cond" truecount="0" falsecount="4"/>
        <line num="17" count="0" type="cond" truecount="0" falsecount="4"/>
        <line num="19" count="2" type="stmt"/>
      </file>
    </package>
    <package name="src.third_version">
      <metrics statements="28" coveredstatements="25" conditionals="26" coveredconditionals="18" methods="8" coveredmethods="8"/>
      <file name="Ride.ts" path="/home/latitude/Documentos/clean-code-e-clean-arch/refactoring/src/third_version/Ride.ts">
        <metrics statements="20" coveredstatements="17" conditionals="14" coveredconditionals="8" methods="3" coveredmethods="3"/>
        <line num="1" count="1" type="stmt"/>
        <line num="2" count="1" type="stmt"/>
        <line num="3" count="1" type="stmt"/>
        <line num="4" count="1" type="stmt"/>
        <line num="5" count="1" type="stmt"/>
        <line num="6" count="1" type="stmt"/>
        <line num="7" count="1" type="stmt"/>
        <line num="11" count="1" type="stmt"/>
        <line num="14" count="1" type="stmt"/>
        <line num="17" count="1" type="stmt"/>
        <line num="18" count="1" type="stmt"/>
        <line num="19" count="1" type="cond" truecount="1" falsecount="2"/>
        <line num="20" count="0" type="stmt"/>
        <line num="22" count="1" type="cond" truecount="1" falsecount="2"/>
        <line num="23" count="0" type="stmt"/>
        <line num="25" count="1" type="cond" truecount="2" falsecount="1"/>
        <line num="26" count="0" type="stmt"/>
        <line num="28" count="1" type="cond" truecount="3" falsecount="0"/>
        <line num="29" count="1" type="stmt"/>
        <line num="32" count="1" type="cond" truecount="1" falsecount="1"/>
      </file>
      <file name="Segment.ts" path="/home/latitude/Documentos/clean-code-e-clean-arch/refactoring/src/third_version/Segment.ts">
        <metrics statements="8" coveredstatements="8" conditionals="12" coveredconditionals="10" methods="5" coveredmethods="5"/>
        <line num="1" count="1" type="stmt"/>
        <line num="2" count="1" type="stmt"/>
        <line num="3" count="1" type="cond" truecount="0" falsecount="1"/>
        <line num="4" count="1" type="cond" truecount="0" falsecount="1"/>
        <line num="7" count="1" type="cond" truecount="4" falsecount="0"/>
        <line num="10" count="1" type="cond" truecount="4" falsecount="0"/>
        <line num="13" count="2" type="stmt"/>
        <line num="16" count="4" type="cond" truecount="2" falsecount="0"/>
      </file>
    </package>
  </project>
</coverage>
