{"/home/latitude/Documentos/clean-code-e-clean-arch/refactoring/src/third_version/FareCalculatorFactory.ts": {"path":"/home/latitude/Documentos/clean-code-e-clean-arch/refactoring/src/third_version/FareCalculatorFactory.ts","statementMap":{"0":{"start":{"line":1,"column":0},"end":{"line":1,"column":58}},"1":{"start":{"line":2,"column":0},"end":{"line":2,"column":64}},"2":{"start":{"line":3,"column":0},"end":{"line":3,"column":62}},"3":{"start":{"line":5,"column":0},"end":{"line":5,"column":58}},"4":{"start":{"line":6,"column":0},"end":{"line":6,"column":76}},"5":{"start":{"line":10,"column":8},"end":{"line":10,"column":70}},"6":{"start":{"line":10,"column":34},"end":{"line":10,"column":70}},"7":{"start":{"line":11,"column":8},"end":{"line":11,"column":100}},"8":{"start":{"line":11,"column":57},"end":{"line":11,"column":100}},"9":{"start":{"line":12,"column":8},"end":{"line":12,"column":95}},"10":{"start":{"line":12,"column":58},"end":{"line":12,"column":95}},"11":{"start":{"line":13,"column":8},"end":{"line":13,"column":92}},"12":{"start":{"line":13,"column":58},"end":{"line":13,"column":92}},"13":{"start":{"line":14,"column":8},"end":{"line":14,"column":93}},"14":{"start":{"line":14,"column":59},"end":{"line":14,"column":93}},"15":{"start":{"line":15,"column":8},"end":{"line":15,"column":null}},"16":{"start":{"line":8,"column":0},"end":{"line":8,"column":21}}},"fnMap":{"0":{"name":"(anonymous_1)","decl":{"start":{"line":9,"column":4},"end":{"line":9,"column":10}},"loc":{"start":{"line":9,"column":34},"end":{"line":18,"column":5}}}},"branchMap":{"0":{"loc":{"start":{"line":10,"column":8},"end":{"line":10,"column":70}},"type":"if","locations":[{"start":{"line":10,"column":8},"end":{"line":10,"column":70}}]},"1":{"loc":{"start":{"line":11,"column":8},"end":{"line":11,"column":100}},"type":"if","locations":[{"start":{"line":11,"column":8},"end":{"line":11,"column":100}}]},"2":{"loc":{"start":{"line":11,"column":12},"end":{"line":11,"column":55}},"type":"binary-expr","locations":[{"start":{"line":11,"column":12},"end":{"line":11,"column":33}},{"start":{"line":11,"column":37},"end":{"line":11,"column":55}}]},"3":{"loc":{"start":{"line":12,"column":8},"end":{"line":12,"column":95}},"type":"if","locations":[{"start":{"line":12,"column":8},"end":{"line":12,"column":95}}]},"4":{"loc":{"start":{"line":12,"column":12},"end":{"line":12,"column":56}},"type":"binary-expr","locations":[{"start":{"line":12,"column":12},"end":{"line":12,"column":33}},{"start":{"line":12,"column":37},"end":{"line":12,"column":56}}]},"5":{"loc":{"start":{"line":13,"column":8},"end":{"line":13,"column":92}},"type":"if","locations":[{"start":{"line":13,"column":8},"end":{"line":13,"column":92}}]},"6":{"loc":{"start":{"line":13,"column":12},"end":{"line":13,"column":56}},"type":"binary-expr","locations":[{"start":{"line":13,"column":12},"end":{"line":13,"column":34}},{"start":{"line":13,"column":38},"end":{"line":13,"column":56}}]},"7":{"loc":{"start":{"line":14,"column":8},"end":{"line":14,"column":93}},"type":"if","locations":[{"start":{"line":14,"column":8},"end":{"line":14,"column":93}}]},"8":{"loc":{"start":{"line":14,"column":12},"end":{"line":14,"column":57}},"type":"binary-expr","locations":[{"start":{"line":14,"column":12},"end":{"line":14,"column":34}},{"start":{"line":14,"column":38},"end":{"line":14,"column":57}}]}},"s":{"0":1,"1":1,"2":1,"3":1,"4":1,"5":9,"6":4,"7":5,"8":2,"9":3,"10":1,"11":2,"12":1,"13":1,"14":1,"15":0,"16":1},"f":{"0":9},"b":{"0":[4],"1":[2],"2":[5,3],"3":[1],"4":[3,1],"5":[1],"6":[2,2],"7":[1],"8":[1,1]}}
,"/home/latitude/Documentos/clean-code-e-clean-arch/refactoring/src/third_version/NormalFareCalculator.ts": {"path":"/home/latitude/Documentos/clean-code-e-clean-arch/refactoring/src/third_version/NormalFareCalculator.ts","statementMap":{"0":{"start":{"line":5,"column":4},"end":{"line":5,"column":null}},"1":{"start":{"line":7,"column":7},"end":{"line":7,"column":43}},"2":{"start":{"line":4,"column":0},"end":{"line":4,"column":21}}},"fnMap":{"0":{"name":"(anonymous_0)","decl":{"start":{"line":4,"column":0},"end":{"line":4,"column":21}},"loc":{"start":{"line":4,"column":0},"end":{"line":10,"column":1}}},"1":{"name":"(anonymous_1)","decl":{"start":{"line":6,"column":4},"end":{"line":6,"column":13}},"loc":{"start":{"line":6,"column":30},"end":{"line":8,"column":5}}}},"branchMap":{},"s":{"0":1,"1":1,"2":1},"f":{"0":1,"1":1},"b":{}}
,"/home/latitude/Documentos/clean-code-e-clean-arch/refactoring/src/third_version/OvernightFareCalculator.ts": {"path":"/home/latitude/Documentos/clean-code-e-clean-arch/refactoring/src/third_version/OvernightFareCalculator.ts","statementMap":{"0":{"start":{"line":5,"column":4},"end":{"line":5,"column":16}},"1":{"start":{"line":7,"column":8},"end":{"line":7,"column":null}},"2":{"start":{"line":4,"column":0},"end":{"line":4,"column":21}}},"fnMap":{"0":{"name":"(anonymous_0)","decl":{"start":{"line":4,"column":0},"end":{"line":4,"column":21}},"loc":{"start":{"line":4,"column":0},"end":{"line":10,"column":1}}},"1":{"name":"(anonymous_1)","decl":{"start":{"line":6,"column":4},"end":{"line":6,"column":13}},"loc":{"start":{"line":6,"column":30},"end":{"line":8,"column":5}}}},"branchMap":{},"s":{"0":1,"1":1,"2":1},"f":{"0":1,"1":1},"b":{}}
,"/home/latitude/Documentos/clean-code-e-clean-arch/refactoring/src/third_version/PeakTimeFareCalculator.ts": {"path":"/home/latitude/Documentos/clean-code-e-clean-arch/refactoring/src/third_version/PeakTimeFareCalculator.ts","statementMap":{"0":{"start":{"line":5,"column":4},"end":{"line":5,"column":13}},"1":{"start":{"line":7,"column":6},"end":{"line":7,"column":null}},"2":{"start":{"line":4,"column":0},"end":{"line":4,"column":21}}},"fnMap":{"0":{"name":"(anonymous_0)","decl":{"start":{"line":4,"column":0},"end":{"line":4,"column":21}},"loc":{"start":{"line":4,"column":0},"end":{"line":10,"column":1}}},"1":{"name":"(anonymous_1)","decl":{"start":{"line":6,"column":4},"end":{"line":6,"column":13}},"loc":{"start":{"line":6,"column":30},"end":{"line":8,"column":5}}}},"branchMap":{},"s":{"0":4,"1":4,"2":1},"f":{"0":4,"1":4},"b":{}}
,"/home/latitude/Documentos/clean-code-e-clean-arch/refactoring/src/third_version/Ride.ts": {"path":"/home/latitude/Documentos/clean-code-e-clean-arch/refactoring/src/third_version/Ride.ts","statementMap":{"0":{"start":{"line":1,"column":0},"end":{"line":1,"column":60}},"1":{"start":{"line":5,"column":0},"end":{"line":5,"column":32}},"2":{"start":{"line":9,"column":4},"end":{"line":9,"column":18}},"3":{"start":{"line":12,"column":8},"end":{"line":12,"column":27}},"4":{"start":{"line":15,"column":8},"end":{"line":15,"column":null}},"5":{"start":{"line":18,"column":19},"end":{"line":18,"column":20}},"6":{"start":{"line":19,"column":8},"end":{"line":23,"column":null}},"7":{"start":{"line":20,"column":35},"end":{"line":20,"column":72}},"8":{"start":{"line":21,"column":12},"end":{"line":21,"column":null}},"9":{"start":{"line":24,"column":8},"end":{"line":24,"column":61}},"10":{"start":{"line":8,"column":0},"end":{"line":8,"column":21}}},"fnMap":{"0":{"name":"(anonymous_1)","decl":{"start":{"line":11,"column":4},"end":{"line":11,"column":null}},"loc":{"start":{"line":11,"column":4},"end":{"line":13,"column":5}}},"1":{"name":"(anonymous_2)","decl":{"start":{"line":14,"column":4},"end":{"line":14,"column":14}},"loc":{"start":{"line":14,"column":43},"end":{"line":16,"column":5}}},"2":{"name":"(anonymous_3)","decl":{"start":{"line":17,"column":4},"end":{"line":17,"column":17}},"loc":{"start":{"line":17,"column":17},"end":{"line":25,"column":5}}}},"branchMap":{"0":{"loc":{"start":{"line":24,"column":15},"end":{"line":24,"column":60}},"type":"cond-expr","locations":[{"start":{"line":24,"column":40},"end":{"line":24,"column":53}},{"start":{"line":24,"column":56},"end":{"line":24,"column":60}}]}},"s":{"0":1,"1":1,"2":11,"3":11,"4":11,"5":9,"6":9,"7":9,"8":9,"9":9,"10":1},"f":{"0":11,"1":11,"2":9},"b":{"0":[1,8]}}
,"/home/latitude/Documentos/clean-code-e-clean-arch/refactoring/src/third_version/Segment.ts": {"path":"/home/latitude/Documentos/clean-code-e-clean-arch/refactoring/src/third_version/Segment.ts","statementMap":{"0":{"start":{"line":2,"column":25},"end":{"line":2,"column":41}},"1":{"start":{"line":2,"column":52},"end":{"line":2,"column":62}},"2":{"start":{"line":3,"column":8},"end":{"line":3,"column":81}},"3":{"start":{"line":3,"column":45},"end":{"line":3,"column":81}},"4":{"start":{"line":4,"column":2},"end":{"line":4,"column":null}},"5":{"start":{"line":4,"column":31},"end":{"line":4,"column":null}},"6":{"start":{"line":7,"column":8},"end":{"line":7,"column":null}},"7":{"start":{"line":10,"column":8},"end":{"line":10,"column":null}},"8":{"start":{"line":13,"column":8},"end":{"line":13,"column":40}},"9":{"start":{"line":16,"column":8},"end":{"line":16,"column":71}},"10":{"start":{"line":20,"column":8},"end":{"line":20,"column":null}},"11":{"start":{"line":1,"column":0},"end":{"line":1,"column":21}}},"fnMap":{"0":{"name":"(anonymous_0)","decl":{"start":{"line":2,"column":4},"end":{"line":2,"column":25}},"loc":{"start":{"line":2,"column":62},"end":{"line":5,"column":5}}},"1":{"name":"(anonymous_1)","decl":{"start":{"line":6,"column":5},"end":{"line":6,"column":20}},"loc":{"start":{"line":6,"column":37},"end":{"line":8,"column":5}}},"2":{"name":"(anonymous_2)","decl":{"start":{"line":9,"column":5},"end":{"line":9,"column":16}},"loc":{"start":{"line":9,"column":26},"end":{"line":11,"column":5}}},"3":{"name":"(anonymous_3)","decl":{"start":{"line":12,"column":5},"end":{"line":12,"column":13}},"loc":{"start":{"line":12,"column":13},"end":{"line":14,"column":5}}},"4":{"name":"(anonymous_4)","decl":{"start":{"line":15,"column":5},"end":{"line":15,"column":16}},"loc":{"start":{"line":15,"column":16},"end":{"line":17,"column":5}}},"5":{"name":"(anonymous_5)","decl":{"start":{"line":19,"column":4},"end":{"line":19,"column":14}},"loc":{"start":{"line":19,"column":14},"end":{"line":21,"column":5}}}},"branchMap":{"0":{"loc":{"start":{"line":3,"column":8},"end":{"line":3,"column":81}},"type":"if","locations":[{"start":{"line":3,"column":8},"end":{"line":3,"column":81}}]},"1":{"loc":{"start":{"line":4,"column":2},"end":{"line":4,"column":null}},"type":"if","locations":[{"start":{"line":4,"column":2},"end":{"line":4,"column":null}}]},"2":{"loc":{"start":{"line":7,"column":15},"end":{"line":7,"column":104}},"type":"binary-expr","locations":[{"start":{"line":7,"column":15},"end":{"line":7,"column":31}},{"start":{"line":7,"column":35},"end":{"line":7,"column":56}},{"start":{"line":7,"column":60},"end":{"line":7,"column":88}},{"start":{"line":7,"column":92},"end":{"line":7,"column":104}}]},"3":{"loc":{"start":{"line":10,"column":15},"end":{"line":10,"column":110}},"type":"binary-expr","locations":[{"start":{"line":10,"column":15},"end":{"line":10,"column":27}},{"start":{"line":10,"column":31},"end":{"line":10,"column":48}},{"start":{"line":10,"column":52},"end":{"line":10,"column":72}},{"start":{"line":10,"column":76},"end":{"line":10,"column":110}}]},"4":{"loc":{"start":{"line":16,"column":15},"end":{"line":16,"column":70}},"type":"binary-expr","locations":[{"start":{"line":16,"column":15},"end":{"line":16,"column":41}},{"start":{"line":16,"column":45},"end":{"line":16,"column":70}}]},"5":{"loc":{"start":{"line":20,"column":15},"end":{"line":20,"column":130}},"type":"binary-expr","locations":[{"start":{"line":20,"column":16},"end":{"line":20,"column":40}},{"start":{"line":20,"column":44},"end":{"line":20,"column":69}},{"start":{"line":20,"column":74},"end":{"line":20,"column":99}},{"start":{"line":20,"column":103},"end":{"line":20,"column":129}}]}},"s":{"0":11,"1":11,"2":11,"3":1,"4":10,"5":1,"6":11,"7":10,"8":7,"9":11,"10":9,"11":1},"f":{"0":11,"1":11,"2":10,"3":7,"4":11,"5":9},"b":{"0":[1],"1":[1],"2":[11,11,11,11],"3":[10,10,10,10],"4":[11,7],"5":[9,9,5,3]}}
,"/home/latitude/Documentos/clean-code-e-clean-arch/refactoring/src/third_version/SundayFareCalculator.ts": {"path":"/home/latitude/Documentos/clean-code-e-clean-arch/refactoring/src/third_version/SundayFareCalculator.ts","statementMap":{"0":{"start":{"line":5,"column":4},"end":{"line":5,"column":15}},"1":{"start":{"line":7,"column":8},"end":{"line":7,"column":null}},"2":{"start":{"line":4,"column":0},"end":{"line":4,"column":21}}},"fnMap":{"0":{"name":"(anonymous_0)","decl":{"start":{"line":4,"column":0},"end":{"line":4,"column":21}},"loc":{"start":{"line":4,"column":0},"end":{"line":10,"column":1}}},"1":{"name":"(anonymous_1)","decl":{"start":{"line":6,"column":4},"end":{"line":6,"column":13}},"loc":{"start":{"line":6,"column":30},"end":{"line":8,"column":5}}}},"branchMap":{},"s":{"0":1,"1":1,"2":1},"f":{"0":1,"1":1},"b":{}}
,"/home/latitude/Documentos/clean-code-e-clean-arch/refactoring/src/third_version/SundayOvernightFareCalculator.ts": {"path":"/home/latitude/Documentos/clean-code-e-clean-arch/refactoring/src/third_version/SundayOvernightFareCalculator.ts","statementMap":{"0":{"start":{"line":5,"column":4},"end":{"line":5,"column":13}},"1":{"start":{"line":7,"column":7},"end":{"line":7,"column":null}},"2":{"start":{"line":4,"column":0},"end":{"line":4,"column":21}}},"fnMap":{"0":{"name":"(anonymous_0)","decl":{"start":{"line":4,"column":0},"end":{"line":4,"column":21}},"loc":{"start":{"line":4,"column":0},"end":{"line":10,"column":1}}},"1":{"name":"(anonymous_1)","decl":{"start":{"line":6,"column":4},"end":{"line":6,"column":13}},"loc":{"start":{"line":6,"column":30},"end":{"line":8,"column":5}}}},"branchMap":{},"s":{"0":2,"1":2,"2":1},"f":{"0":2,"1":2},"b":{}}
}
