{"/home/latitude/Documentos/clean-code-e-clean-arch/refactoring/src/main.ts": {"path":"/home/latitude/Documentos/clean-code-e-clean-arch/refactoring/src/main.ts","statementMap":{"0":{"start":{"line":3,"column":1},"end":{"line":3,"column":null}},"1":{"start":{"line":6,"column":1},"end":{"line":6,"column":null}},"2":{"start":{"line":10,"column":1},"end":{"line":10,"column":null}},"3":{"start":{"line":13,"column":12},"end":{"line":13,"column":13}},"4":{"start":{"line":14,"column":1},"end":{"line":33,"column":null}},"5":{"start":{"line":15,"column":2},"end":{"line":32,"column":null}},"6":{"start":{"line":16,"column":3},"end":{"line":29,"column":null}},"7":{"start":{"line":17,"column":4},"end":{"line":18,"column":null}},"8":{"start":{"line":18,"column":5},"end":{"line":18,"column":34}},"9":{"start":{"line":19,"column":4},"end":{"line":20,"column":null}},"10":{"start":{"line":20,"column":5},"end":{"line":20,"column":37}},"11":{"start":{"line":21,"column":7},"end":{"line":22,"column":null}},"12":{"start":{"line":22,"column":4},"end":{"line":22,"column":35}},"13":{"start":{"line":23,"column":5},"end":{"line":25,"column":null}},"14":{"start":{"line":24,"column":4},"end":{"line":24,"column":36}},"15":{"start":{"line":28,"column":2},"end":{"line":28,"column":12}},"16":{"start":{"line":31,"column":1},"end":{"line":31,"column":11}},"17":{"start":{"line":34,"column":0},"end":{"line":38,"column":null}},"18":{"start":{"line":35,"column":1},"end":{"line":35,"column":11}},"19":{"start":{"line":37,"column":1},"end":{"line":37,"column":13}},"20":{"start":{"line":12,"column":0},"end":{"line":12,"column":16}}},"fnMap":{"0":{"name":"isSunday","decl":{"start":{"line":2,"column":9},"end":{"line":2,"column":17}},"loc":{"start":{"line":2,"column":22},"end":{"line":4,"column":1}}},"1":{"name":"isOvernight","decl":{"start":{"line":5,"column":9},"end":{"line":5,"column":20}},"loc":{"start":{"line":5,"column":25},"end":{"line":8,"column":1}}},"2":{"name":"isValidDistance","decl":{"start":{"line":9,"column":9},"end":{"line":9,"column":24}},"loc":{"start":{"line":9,"column":33},"end":{"line":11,"column":1}}},"3":{"name":"calculateRide","decl":{"start":{"line":12,"column":16},"end":{"line":12,"column":29}},"loc":{"start":{"line":12,"column":38},"end":{"line":39,"column":1}}}},"branchMap":{"0":{"loc":{"start":{"line":6,"column":8},"end":{"line":6,"column":53}},"type":"binary-expr","locations":[{"start":{"line":6,"column":8},"end":{"line":6,"column":29}},{"start":{"line":6,"column":33},"end":{"line":6,"column":53}}]},"1":{"loc":{"start":{"line":10,"column":8},"end":{"line":10,"column":97}},"type":"binary-expr","locations":[{"start":{"line":10,"column":8},"end":{"line":10,"column":24}},{"start":{"line":10,"column":28},"end":{"line":10,"column":49}},{"start":{"line":10,"column":53},"end":{"line":10,"column":81}},{"start":{"line":10,"column":85},"end":{"line":10,"column":97}}]},"2":{"loc":{"start":{"line":15,"column":2},"end":{"line":32,"column":null}},"type":"if","locations":[{"start":{"line":15,"column":2},"end":{"line":32,"column":null}},{"start":{"line":30,"column":7},"end":{"line":32,"column":null}}]},"3":{"loc":{"start":{"line":16,"column":3},"end":{"line":29,"column":null}},"type":"if","locations":[{"start":{"line":16,"column":3},"end":{"line":29,"column":null}},{"start":{"line":27,"column":8},"end":{"line":29,"column":null}}]},"4":{"loc":{"start":{"line":16,"column":7},"end":{"line":16,"column":134}},"type":"binary-expr","locations":[{"start":{"line":16,"column":7},"end":{"line":16,"column":27}},{"start":{"line":16,"column":31},"end":{"line":16,"column":56}},{"start":{"line":16,"column":60},"end":{"line":16,"column":88}},{"start":{"line":16,"column":92},"end":{"line":16,"column":134}}]},"5":{"loc":{"start":{"line":17,"column":4},"end":{"line":18,"column":null}},"type":"if","locations":[{"start":{"line":17,"column":4},"end":{"line":18,"column":null}}]},"6":{"loc":{"start":{"line":17,"column":8},"end":{"line":17,"column":59}},"type":"binary-expr","locations":[{"start":{"line":17,"column":8},"end":{"line":17,"column":33}},{"start":{"line":17,"column":37},"end":{"line":17,"column":59}}]},"7":{"loc":{"start":{"line":19,"column":4},"end":{"line":20,"column":null}},"type":"if","locations":[{"start":{"line":19,"column":4},"end":{"line":20,"column":null}}]},"8":{"loc":{"start":{"line":19,"column":8},"end":{"line":19,"column":60}},"type":"binary-expr","locations":[{"start":{"line":19,"column":8},"end":{"line":19,"column":33}},{"start":{"line":19,"column":37},"end":{"line":19,"column":60}}]},"9":{"loc":{"start":{"line":21,"column":7},"end":{"line":22,"column":null}},"type":"if","locations":[{"start":{"line":21,"column":7},"end":{"line":22,"column":null}}]},"10":{"loc":{"start":{"line":21,"column":11},"end":{"line":21,"column":63}},"type":"binary-expr","locations":[{"start":{"line":21,"column":11},"end":{"line":21,"column":37}},{"start":{"line":21,"column":41},"end":{"line":21,"column":63}}]},"11":{"loc":{"start":{"line":23,"column":5},"end":{"line":25,"column":null}},"type":"if","locations":[{"start":{"line":23,"column":5},"end":{"line":25,"column":null}}]},"12":{"loc":{"start":{"line":23,"column":9},"end":{"line":23,"column":62}},"type":"binary-expr","locations":[{"start":{"line":23,"column":9},"end":{"line":23,"column":35}},{"start":{"line":23,"column":39},"end":{"line":23,"column":62}}]},"13":{"loc":{"start":{"line":34,"column":0},"end":{"line":38,"column":null}},"type":"if","locations":[{"start":{"line":34,"column":0},"end":{"line":38,"column":null}},{"start":{"line":36,"column":7},"end":{"line":38,"column":null}}]}},"s":{"0":10,"1":20,"2":7,"3":7,"4":7,"5":7,"6":6,"7":5,"8":2,"9":5,"10":1,"11":5,"12":1,"13":5,"14":1,"15":1,"16":1,"17":5,"18":1,"19":4,"20":1},"f":{"0":10,"1":20,"2":7,"3":7},"b":{"0":[20,8],"1":[7,7,7,7],"2":[6,1],"3":[5,1],"4":[6,6,6,6],"5":[2],"6":[5,3],"7":[1],"8":[5,3],"9":[1],"10":[5,2],"11":[1],"12":[5,2],"13":[1,4]}}
}
