TN:
SF:src/main.ts
FN:2,isSunday
FN:5,calculateRide
FNF:2
FNH:2
FNDA:2,isSunday
FNDA:7,calculateRide
DA:3,2
DA:5,1
DA:6,7
DA:7,7
DA:8,7
DA:9,6
DA:10,5
DA:11,5
DA:13,3
DA:14,1
DA:17,2
DA:21,2
DA:22,1
DA:24,1
DA:29,1
DA:33,1
DA:36,5
DA:37,1
DA:39,4
LF:19
LH:19
BRDA:8,0,0,6
BRDA:8,0,1,1
BRDA:8,1,0,7
BRDA:8,1,1,7
BRDA:8,1,2,7
BRDA:8,1,3,7
BRDA:9,2,0,5
BRDA:9,2,1,1
BRDA:9,3,0,6
BRDA:9,3,1,6
BRDA:9,3,2,6
BRDA:9,3,3,6
BRDA:10,4,0,5
BRDA:10,4,1,2
BRDA:11,5,0,3
BRDA:11,5,1,2
BRDA:13,6,0,1
BRDA:13,6,1,2
BRDA:21,7,0,1
BRDA:21,7,1,1
BRDA:36,8,0,1
BRDA:36,8,1,4
BRF:22
BRH:22
end_of_record
