TN:
SF:src/main.ts
FN:3,calc
FNF:1
FNH:1
FNDA:6,calc
DA:3,1
DA:4,6
DA:5,6
DA:6,6
DA:7,5
DA:11,4
DA:14,2
DA:16,1
DA:19,1
DA:24,2
DA:26,1
DA:29,1
DA:34,1
DA:39,1
DA:43,4
DA:44,0
DA:46,4
LF:17
LH:16
BRDA:6,0,0,5
BRDA:6,0,1,1
BRDA:6,1,0,6
BRDA:6,1,1,6
BRDA:6,1,2,6
BRDA:6,1,3,6
BRDA:7,2,0,4
BRDA:7,2,1,1
BRDA:7,3,0,5
BRDA:7,3,1,5
BRDA:7,3,2,5
BRDA:7,3,3,5
BRDA:11,4,0,2
BRDA:11,4,1,2
BRDA:11,5,0,4
BRDA:11,5,1,2
BRDA:14,6,0,1
BRDA:14,6,1,1
BRDA:24,7,0,1
BRDA:24,7,1,1
BRDA:43,8,0,0
BRDA:43,8,1,4
BRF:22
BRH:21
end_of_record
